2025-11-21 12:45:24,436 - INFO - Test_User_Profile - test_UserRegistration_001 - test_UserRegistration_001 is started
2025-11-21 12:45:24,437 - INFO - Test_User_Profile - test_UserRegistration_001 -  Opening Browser
2025-11-21 12:45:27,384 - INFO - Test_User_Profile - test_UserRegistration_001 - Going to Url-->https://automation.credence.in/register
2025-11-21 12:45:27,445 - INFO - Test_User_Profile - test_UserRegistration_001 - Entering the name
2025-11-21 12:45:27,555 - INFO - Test_User_Profile - test_UserRegistration_001 - Entering the Email-->bemf@outlook.com
2025-11-21 12:45:27,624 - INFO - Test_User_Profile - test_UserRegistration_001 - Entering the password
2025-11-21 12:45:27,691 - INFO - Test_User_Profile - test_UserRegistration_001 - Entering the confirm password
2025-11-21 12:45:30,378 - INFO - Test_User_Profile - test_UserRegistration_001 - Clicking on Register Button
2025-11-21 12:45:30,392 - INFO - Test_User_Profile - test_UserRegistration_001 - test_UserRegistration_001 is pass
2025-11-21 12:45:30,873 - INFO - Test_User_Profile - test_UserRegistration_001 - test_UserRegistration_001 is completed
2025-11-21 12:49:52,182 - INFO - Test_User_Profile - test_UserRegistration_001 - test_UserRegistration_001 is started
2025-11-21 12:49:52,182 - INFO - Test_User_Profile - test_UserRegistration_001 -  Opening Browser
2025-11-21 12:49:54,515 - INFO - Test_User_Profile - test_UserRegistration_001 - Going to Url-->https://automation.credence.in/register
2025-11-21 12:49:54,563 - INFO - Test_User_Profile - test_UserRegistration_001 - Entering the name
2025-11-21 12:49:54,651 - INFO - Test_User_Profile - test_UserRegistration_001 - Entering the Email-->kzcq@outlook.com
2025-11-21 12:49:54,731 - INFO - Test_User_Profile - test_UserRegistration_001 - Entering the password
2025-11-21 12:49:54,811 - INFO - Test_User_Profile - test_UserRegistration_001 - Entering the confirm password
2025-11-21 12:49:56,960 - INFO - Test_User_Profile - test_UserRegistration_001 - Clicking on Register Button
2025-11-21 12:49:56,984 - INFO - Test_User_Profile - test_UserRegistration_001 - test_UserRegistration_001 is pass
2025-11-21 12:49:57,282 - INFO - Test_User_Profile - test_UserRegistration_001 - test_UserRegistration_001 is completed
2025-11-21 12:57:39,345 - INFO - Test_User_Profile - test_UserRegistration_001 - test_UserRegistration_001 is started
2025-11-21 12:57:39,345 - INFO - Test_User_Profile - test_UserRegistration_001 -  Opening Browser
2025-11-21 12:57:41,869 - INFO - Test_User_Profile - test_UserRegistration_001 - Going to Url-->https://automation.credence.in/register
2025-11-21 12:57:41,941 - INFO - Test_User_Profile - test_UserRegistration_001 - Entering the name
2025-11-21 12:57:42,029 - INFO - Test_User_Profile - test_UserRegistration_001 - Entering the Email-->dxlk@ymail.com
2025-11-21 12:57:42,093 - INFO - Test_User_Profile - test_UserRegistration_001 - Entering the password
2025-11-21 12:57:42,165 - INFO - Test_User_Profile - test_UserRegistration_001 - Entering the confirm password
2025-11-21 12:57:44,839 - INFO - Test_User_Profile - test_UserRegistration_001 - Clicking on Register Button
2025-11-21 12:57:44,855 - INFO - Test_User_Profile - test_UserRegistration_001 - test_UserRegistration_001 is pass
2025-11-21 12:57:45,179 - INFO - Test_User_Profile - test_UserRegistration_001 - test_UserRegistration_001 is completed
2025-11-21 12:57:48,857 - INFO - Test_User_Profile - test_UserLogin_002 - test_UserLogin_002 is started
2025-11-21 12:57:48,857 - INFO - Test_User_Profile - test_UserLogin_002 -  Opening Browser
2025-11-21 12:57:51,372 - INFO - Test_User_Profile - test_UserLogin_002 -  Going to login Url-->https://automation.credence.in/login
2025-11-21 12:57:51,468 - INFO - Test_User_Profile - test_UserLogin_002 -  Entering emailRohits01@credence.in
2025-11-21 12:57:51,556 - INFO - Test_User_Profile - test_UserLogin_002 -  Entering passwordRohit123
2025-11-21 12:57:54,298 - INFO - Test_User_Profile - test_UserLogin_002 -  logging Success
2025-11-21 12:57:54,549 - INFO - Test_User_Profile - test_UserLogin_002 - test_UserLogin_002 is completed
2025-11-21 19:09:07,279 - INFO - Test_User_Profile - test_UserRegistration_001 - test_UserRegistration_001 is started
2025-11-21 19:09:07,279 - INFO - Test_User_Profile - test_UserRegistration_001 -  Opening Browser
2025-11-21 19:09:10,047 - INFO - Test_User_Profile - test_UserRegistration_001 - Going to Url-->https://automation.credence.in/register
2025-11-21 19:09:10,112 - INFO - Test_User_Profile - test_UserRegistration_001 - Entering the name
2025-11-21 19:09:10,198 - INFO - Test_User_Profile - test_UserRegistration_001 - Entering the Email-->enkd@outlook.com
2025-11-21 19:09:10,274 - INFO - Test_User_Profile - test_UserRegistration_001 - Entering the password
2025-11-21 19:09:10,344 - INFO - Test_User_Profile - test_UserRegistration_001 - Entering the confirm password
2025-11-21 19:09:13,469 - INFO - Test_User_Profile - test_UserRegistration_001 - Clicking on Register Button
2025-11-21 19:09:13,481 - INFO - Test_User_Profile - test_UserRegistration_001 - test_UserRegistration_001 is pass
2025-11-21 19:09:13,749 - INFO - Test_User_Profile - test_UserRegistration_001 - test_UserRegistration_001 is completed
2025-11-21 19:09:17,310 - INFO - Test_User_Profile - test_UserLogin_002 - test_UserLogin_002 is started
2025-11-21 19:09:17,311 - INFO - Test_User_Profile - test_UserLogin_002 -  Opening Browser
2025-11-21 19:09:19,591 - INFO - Test_User_Profile - test_UserLogin_002 -  Going to login Url-->https://automation.credence.in/login
2025-11-21 19:09:19,688 - INFO - Test_User_Profile - test_UserLogin_002 -  Entering emailRohits01@credence.in
2025-11-21 19:09:19,768 - INFO - Test_User_Profile - test_UserLogin_002 -  Entering passwordRohit123
2025-11-21 19:09:22,253 - INFO - Test_User_Profile - test_UserLogin_002 -  logging Success
2025-11-21 19:09:22,455 - INFO - Test_User_Profile - test_UserLogin_002 - test_UserLogin_002 is completed
2025-11-24 18:33:06,029 - INFO - Test_User_Profile - test_UserRegistration_001 - test_UserRegistration_001 is started
2025-11-24 18:33:06,030 - INFO - Test_User_Profile - test_UserRegistration_001 -  Opening Browser
2025-11-24 18:33:09,613 - INFO - Test_User_Profile - test_UserRegistration_001 - Going to Url-->https://automation.credence.in/register
2025-11-24 18:33:09,669 - INFO - Test_User_Profile - test_UserRegistration_001 - Entering the name
2025-11-24 18:33:09,767 - INFO - Test_User_Profile - test_UserRegistration_001 - Entering the Email-->fzek@outlook.com
2025-11-24 18:33:09,839 - INFO - Test_User_Profile - test_UserRegistration_001 - Entering the password
2025-11-24 18:33:09,903 - INFO - Test_User_Profile - test_UserRegistration_001 - Entering the confirm password
2025-11-24 18:33:12,439 - INFO - Test_User_Profile - test_UserRegistration_001 - Clicking on Register Button
2025-11-24 18:33:12,453 - INFO - Test_User_Profile - test_UserRegistration_001 - test_UserRegistration_001 is pass
2025-11-24 18:33:12,739 - INFO - Test_User_Profile - test_UserRegistration_001 - test_UserRegistration_001 is completed
2025-11-24 18:33:16,789 - INFO - Test_User_Profile - test_UserLogin_002 - test_UserLogin_002 is started
2025-11-24 18:33:16,789 - INFO - Test_User_Profile - test_UserLogin_002 -  Opening Browser
2025-11-24 18:33:20,336 - INFO - Test_User_Profile - test_UserLogin_002 -  Going to login Url-->https://automation.credence.in/login
2025-11-24 18:33:20,441 - INFO - Test_User_Profile - test_UserLogin_002 -  Entering emailRohits01@credence.in
2025-11-24 18:33:20,522 - INFO - Test_User_Profile - test_UserLogin_002 -  Entering passwordRohit123
2025-11-24 18:33:23,200 - INFO - Test_User_Profile - test_UserLogin_002 -  logging Success
2025-11-24 18:33:23,454 - INFO - Test_User_Profile - test_UserLogin_002 - test_UserLogin_002 is completed
2025-11-24 18:37:18,742 - INFO - Test_User_Profile - test_UserRegistration_001 - test_UserRegistration_001 is started
2025-11-24 18:37:18,742 - INFO - Test_User_Profile - test_UserRegistration_001 -  Opening Browser
2025-11-24 18:37:19,429 - INFO - Test_User_Profile - test_UserLogin_002 - test_UserLogin_002 is started
2025-11-24 18:37:19,429 - INFO - Test_User_Profile - test_UserLogin_002 -  Opening Browser
2025-11-24 18:37:25,012 - INFO - Test_User_Profile - test_UserRegistration_001 - Going to Url-->https://automation.credence.in/register
2025-11-24 18:37:25,076 - INFO - Test_User_Profile - test_UserRegistration_001 - Entering the name
2025-11-24 18:37:25,180 - INFO - Test_User_Profile - test_UserRegistration_001 - Entering the Email-->bfec@gmail.com
2025-11-24 18:37:25,260 - INFO - Test_User_Profile - test_UserRegistration_001 - Entering the password
2025-11-24 18:37:25,348 - INFO - Test_User_Profile - test_UserRegistration_001 - Entering the confirm password
2025-11-24 18:37:27,956 - INFO - Test_User_Profile - test_UserLogin_002 -  Going to login Url-->https://automation.credence.in/login
2025-11-24 18:37:28,084 - INFO - Test_User_Profile - test_UserLogin_002 -  Entering emailRohits01@credence.in
2025-11-24 18:37:28,164 - INFO - Test_User_Profile - test_UserLogin_002 -  Entering passwordRohit123
2025-11-24 18:37:29,332 - INFO - Test_User_Profile - test_UserRegistration_001 - Clicking on Register Button
2025-11-24 18:37:29,412 - INFO - Test_User_Profile - test_UserRegistration_001 - test_UserRegistration_001 is pass
2025-11-24 18:37:29,636 - INFO - Test_User_Profile - test_UserRegistration_001 - test_UserRegistration_001 is completed
2025-11-24 18:37:30,741 - INFO - Test_User_Profile - test_UserLogin_002 -  logging Success
2025-11-24 18:37:31,245 - INFO - Test_User_Profile - test_UserLogin_002 - test_UserLogin_002 is completed
2025-11-24 18:54:35,737 - INFO - Test_User_Profile - test_UserRegistration_001 - test_UserRegistration_001 is started
2025-11-24 18:54:35,738 - INFO - Test_User_Profile - test_UserRegistration_001 -  Opening Browser
2025-11-24 18:54:39,257 - INFO - Test_User_Profile - test_UserRegistration_001 - Going to Url-->https://automation.credence.in/register
2025-11-24 18:54:39,313 - INFO - Test_User_Profile - test_UserRegistration_001 - Entering the name
2025-11-24 18:54:39,401 - INFO - Test_User_Profile - test_UserRegistration_001 - Entering the Email-->wkqk@gmail.com
2025-11-24 18:54:39,473 - INFO - Test_User_Profile - test_UserRegistration_001 - Entering the password
2025-11-24 18:54:39,545 - INFO - Test_User_Profile - test_UserRegistration_001 - Entering the confirm password
2025-11-24 18:54:42,153 - INFO - Test_User_Profile - test_UserRegistration_001 - Clicking on Register Button
2025-11-24 18:54:42,170 - INFO - Test_User_Profile - test_UserRegistration_001 - test_UserRegistration_001 is pass
2025-11-24 18:54:42,475 - INFO - Test_User_Profile - test_UserRegistration_001 - test_UserRegistration_001 is completed
2025-11-24 18:54:46,183 - INFO - Test_User_Profile - test_UserLogin_002 - test_UserLogin_002 is started
2025-11-24 18:54:46,183 - INFO - Test_User_Profile - test_UserLogin_002 -  Opening Browser
2025-11-24 18:54:48,373 - INFO - Test_User_Profile - test_UserLogin_002 -  Going to login Url-->https://automation.credence.in/login
2025-11-24 18:54:48,461 - INFO - Test_User_Profile - test_UserLogin_002 -  Entering emailRohits01@credence.in
2025-11-24 18:54:48,541 - INFO - Test_User_Profile - test_UserLogin_002 -  Entering passwordRohit123
2025-11-24 18:54:51,414 - INFO - Test_User_Profile - test_UserLogin_002 -  logging Success
2025-11-24 18:54:51,773 - INFO - Test_User_Profile - test_UserLogin_002 - test_UserLogin_002 is completed
2025-11-24 18:56:48,641 - INFO - Test_User_Profile - test_UserRegistration_001 - test_UserRegistration_001 is started
2025-11-24 18:56:48,641 - INFO - Test_User_Profile - test_UserRegistration_001 -  Opening Browser
2025-11-24 18:56:52,032 - INFO - Test_User_Profile - test_UserRegistration_001 - Going to Url-->https://automation.credence.in/register
2025-11-24 18:56:52,096 - INFO - Test_User_Profile - test_UserRegistration_001 - Entering the name
2025-11-24 18:56:52,176 - INFO - Test_User_Profile - test_UserRegistration_001 - Entering the Email-->ceoj@ymail.com
2025-11-24 18:56:52,248 - INFO - Test_User_Profile - test_UserRegistration_001 - Entering the password
2025-11-24 18:56:52,336 - INFO - Test_User_Profile - test_UserRegistration_001 - Entering the confirm password
2025-11-24 18:56:54,516 - INFO - Test_User_Profile - test_UserRegistration_001 - Clicking on Register Button
2025-11-24 18:56:54,540 - INFO - Test_User_Profile - test_UserRegistration_001 - test_UserRegistration_001 is pass
2025-11-24 18:56:54,749 - INFO - Test_User_Profile - test_UserRegistration_001 - test_UserRegistration_001 is completed
2025-11-24 18:56:59,157 - INFO - Test_User_Profile - test_UserLogin_002 - test_UserLogin_002 is started
2025-11-24 18:56:59,157 - INFO - Test_User_Profile - test_UserLogin_002 -  Opening Browser
2025-11-24 18:57:01,850 - INFO - Test_User_Profile - test_UserLogin_002 -  Going to login Url-->https://automation.credence.in/login
2025-11-24 18:57:01,996 - INFO - Test_User_Profile - test_UserLogin_002 -  Entering emailRohits01@credence.in
2025-11-24 18:57:02,108 - INFO - Test_User_Profile - test_UserLogin_002 -  Entering passwordRohit123
2025-11-24 18:57:04,704 - INFO - Test_User_Profile - test_UserLogin_002 -  logging Success
2025-11-24 18:57:05,084 - INFO - Test_User_Profile - test_UserLogin_002 - test_UserLogin_002 is completed
2025-11-24 19:00:49,995 - INFO - Test_User_Profile - test_UserRegistration_001 - test_UserRegistration_001 is started
2025-11-24 19:00:49,995 - INFO - Test_User_Profile - test_UserRegistration_001 -  Opening Browser
2025-11-24 19:00:53,578 - INFO - Test_User_Profile - test_UserRegistration_001 - Going to Url-->https://automation.credence.in/register
2025-11-24 19:00:53,635 - INFO - Test_User_Profile - test_UserRegistration_001 - Entering the name
2025-11-24 19:00:53,723 - INFO - Test_User_Profile - test_UserRegistration_001 - Entering the Email-->bxeu@ymail.com
2025-11-24 19:00:53,803 - INFO - Test_User_Profile - test_UserRegistration_001 - Entering the password
2025-11-24 19:00:53,875 - INFO - Test_User_Profile - test_UserRegistration_001 - Entering the confirm password
2025-11-24 19:00:57,008 - INFO - Test_User_Profile - test_UserRegistration_001 - Clicking on Register Button
2025-11-24 19:00:57,064 - INFO - Test_User_Profile - test_UserRegistration_001 - test_UserRegistration_001 is pass
2025-11-24 19:00:57,345 - INFO - Test_User_Profile - test_UserRegistration_001 - test_UserRegistration_001 is completed
2025-11-24 19:01:02,030 - INFO - Test_User_Profile - test_UserLogin_002 - test_UserLogin_002 is started
2025-11-24 19:01:02,030 - INFO - Test_User_Profile - test_UserLogin_002 -  Opening Browser
2025-11-24 19:01:08,829 - INFO - Test_User_Profile - test_UserLogin_002 -  Going to login Url-->https://automation.credence.in/login
2025-11-24 19:01:09,027 - INFO - Test_User_Profile - test_UserLogin_002 -  Entering emailRohits01@credence.in
2025-11-24 19:01:09,145 - INFO - Test_User_Profile - test_UserLogin_002 -  Entering passwordRohit123
2025-11-24 19:01:12,550 - INFO - Test_User_Profile - test_UserLogin_002 -  logging Success
2025-11-24 19:01:12,910 - INFO - Test_User_Profile - test_UserLogin_002 - test_UserLogin_002 is completed
2025-11-24 19:09:05,911 - INFO - Test_User_Profile - test_UserRegistration_001 - test_UserRegistration_001 is started
2025-11-24 19:09:05,912 - INFO - Test_User_Profile - test_UserRegistration_001 -  Opening Browser
2025-11-24 19:09:09,347 - INFO - Test_User_Profile - test_UserRegistration_001 - Going to Url-->https://automation.credence.in/register
2025-11-24 19:09:09,401 - INFO - Test_User_Profile - test_UserRegistration_001 - Entering the name
2025-11-24 19:09:09,517 - INFO - Test_User_Profile - test_UserRegistration_001 - Entering the Email-->rqyk@outlook.com
2025-11-24 19:09:09,591 - INFO - Test_User_Profile - test_UserRegistration_001 - Entering the password
2025-11-24 19:09:09,668 - INFO - Test_User_Profile - test_UserRegistration_001 - Entering the confirm password
2025-11-24 19:09:12,340 - INFO - Test_User_Profile - test_UserRegistration_001 - Clicking on Register Button
2025-11-24 19:09:12,356 - INFO - Test_User_Profile - test_UserRegistration_001 - test_UserRegistration_001 is pass
2025-11-24 19:09:12,761 - INFO - Test_User_Profile - test_UserRegistration_001 - test_UserRegistration_001 is completed
2025-11-24 19:09:17,696 - INFO - Test_User_Profile - test_UserLogin_002 - test_UserLogin_002 is started
2025-11-24 19:09:17,696 - INFO - Test_User_Profile - test_UserLogin_002 -  Opening Browser
2025-11-24 19:09:20,325 - INFO - Test_User_Profile - test_UserLogin_002 -  Going to login Url-->https://automation.credence.in/login
2025-11-24 19:09:20,441 - INFO - Test_User_Profile - test_UserLogin_002 -  Entering emailRohits01@credence.in
2025-11-24 19:09:20,534 - INFO - Test_User_Profile - test_UserLogin_002 -  Entering passwordRohit123
2025-11-24 19:09:22,832 - INFO - Test_User_Profile - test_UserLogin_002 -  logging Success
2025-11-24 19:09:23,194 - INFO - Test_User_Profile - test_UserLogin_002 - test_UserLogin_002 is completed
2025-11-26 11:12:38,012 - INFO - Test_User_Profile - test_UserRegistration_001 - test_UserRegistration_001 is started
2025-11-26 11:12:38,014 - INFO - Test_User_Profile - test_UserRegistration_001 -  Opening Browser
2025-11-26 11:12:40,641 - INFO - Test_User_Profile - test_UserRegistration_001 - Going to Url-->https://automation.credence.in/register
2025-11-26 11:12:40,709 - INFO - Test_User_Profile - test_UserRegistration_001 - Entering the name
2025-11-26 11:12:40,798 - INFO - Test_User_Profile - test_UserRegistration_001 - Entering the Email-->qszc@gmail.com
2025-11-26 11:12:40,868 - INFO - Test_User_Profile - test_UserRegistration_001 - Entering the password
2025-11-26 11:12:40,955 - INFO - Test_User_Profile - test_UserRegistration_001 - Entering the confirm password
2025-11-26 11:12:43,568 - INFO - Test_User_Profile - test_UserRegistration_001 - Clicking on Register Button
2025-11-26 11:12:43,583 - INFO - Test_User_Profile - test_UserRegistration_001 - test_UserRegistration_001 is pass
2025-11-26 11:12:43,897 - INFO - Test_User_Profile - test_UserRegistration_001 - test_UserRegistration_001 is completed
2025-11-26 11:12:48,102 - INFO - Test_User_Profile - test_UserLogin_002 - test_UserLogin_002 is started
2025-11-26 11:12:48,102 - INFO - Test_User_Profile - test_UserLogin_002 -  Opening Browser
2025-11-26 11:12:50,666 - INFO - Test_User_Profile - test_UserLogin_002 -  Going to login Url-->https://automation.credence.in/login
2025-11-26 11:12:50,813 - INFO - Test_User_Profile - test_UserLogin_002 -  Entering emailRohits01@credence.in
2025-11-26 11:12:50,919 - INFO - Test_User_Profile - test_UserLogin_002 -  Entering passwordRohit123
2025-11-26 11:12:53,141 - INFO - Test_User_Profile - test_UserLogin_002 -  logging Success
2025-11-26 11:12:53,415 - INFO - Test_User_Profile - test_UserLogin_002 - test_UserLogin_002 is completed
2025-11-26 11:46:18,797 - INFO - Test_User_Profile - test_UserRegistration_001 - test_UserRegistration_001 is started
2025-11-26 11:46:18,798 - INFO - Test_User_Profile - test_UserRegistration_001 -  Opening Browser
2025-11-26 11:46:21,285 - INFO - Test_User_Profile - test_UserRegistration_001 - Going to Url-->https://automation.credence.in/register
2025-11-26 11:46:21,362 - INFO - Test_User_Profile - test_UserRegistration_001 - Entering the name
2025-11-26 11:46:21,485 - INFO - Test_User_Profile - test_UserRegistration_001 - Entering the Email-->asxk@gmail.com
2025-11-26 11:46:21,579 - INFO - Test_User_Profile - test_UserRegistration_001 - Entering the password
2025-11-26 11:46:21,651 - INFO - Test_User_Profile - test_UserRegistration_001 - Entering the confirm password
2025-11-26 11:46:23,650 - INFO - Test_User_Profile - test_UserRegistration_001 - Clicking on Register Button
2025-11-26 11:46:23,672 - INFO - Test_User_Profile - test_UserRegistration_001 - test_UserRegistration_001 is pass
2025-11-26 11:46:23,951 - INFO - Test_User_Profile - test_UserRegistration_001 - test_UserRegistration_001 is completed
2025-11-26 11:46:28,290 - INFO - Test_User_Profile - test_UserLogin_002 - test_UserLogin_002 is started
2025-11-26 11:46:28,290 - INFO - Test_User_Profile - test_UserLogin_002 -  Opening Browser
2025-11-26 11:46:31,146 - INFO - Test_User_Profile - test_UserLogin_002 -  Going to login Url-->https://automation.credence.in/login
2025-11-26 11:46:31,258 - INFO - Test_User_Profile - test_UserLogin_002 -  Entering emailRohits01@credence.in
2025-11-26 11:46:31,346 - INFO - Test_User_Profile - test_UserLogin_002 -  Entering passwordRohit123
2025-11-26 11:46:33,684 - INFO - Test_User_Profile - test_UserLogin_002 -  logging Success
2025-11-26 11:46:33,932 - INFO - Test_User_Profile - test_UserLogin_002 - test_UserLogin_002 is completed
2025-11-26 11:51:45,034 - INFO - Test_User_Profile - test_UserRegistration_001 - test_UserRegistration_001 is started
2025-11-26 11:51:45,034 - INFO - Test_User_Profile - test_UserRegistration_001 -  Opening Browser
2025-11-26 11:51:47,560 - INFO - Test_User_Profile - test_UserRegistration_001 - Going to Url-->https://automation.credence.in/register
2025-11-26 11:51:47,624 - INFO - Test_User_Profile - test_UserRegistration_001 - Entering the name
2025-11-26 11:51:47,720 - INFO - Test_User_Profile - test_UserRegistration_001 - Entering the Email-->jihf@ymail.com
2025-11-26 11:51:47,792 - INFO - Test_User_Profile - test_UserRegistration_001 - Entering the password
2025-11-26 11:51:47,864 - INFO - Test_User_Profile - test_UserRegistration_001 - Entering the confirm password
2025-11-26 11:51:50,213 - INFO - Test_User_Profile - test_UserRegistration_001 - Clicking on Register Button
2025-11-26 11:51:50,237 - INFO - Test_User_Profile - test_UserRegistration_001 - test_UserRegistration_001 is pass
2025-11-26 11:51:50,693 - INFO - Test_User_Profile - test_UserRegistration_001 - test_UserRegistration_001 is completed
2025-11-26 11:51:55,039 - INFO - Test_User_Profile - test_UserLogin_002 - test_UserLogin_002 is started
2025-11-26 11:51:55,039 - INFO - Test_User_Profile - test_UserLogin_002 -  Opening Browser
2025-11-26 11:51:58,049 - INFO - Test_User_Profile - test_UserLogin_002 -  Going to login Url-->https://automation.credence.in/login
2025-11-26 11:51:58,153 - INFO - Test_User_Profile - test_UserLogin_002 -  Entering emailRohits01@credence.in
2025-11-26 11:51:58,233 - INFO - Test_User_Profile - test_UserLogin_002 -  Entering passwordRohit123
2025-11-26 11:52:00,339 - INFO - Test_User_Profile - test_UserLogin_002 -  logging Success
2025-11-26 11:52:00,811 - INFO - Test_User_Profile - test_UserLogin_002 - test_UserLogin_002 is completed
2025-11-26 11:53:53,558 - INFO - Test_User_Profile - test_UserRegistration_001 - test_UserRegistration_001 is started
2025-11-26 11:53:53,558 - INFO - Test_User_Profile - test_UserRegistration_001 -  Opening Browser
2025-11-26 11:53:55,776 - INFO - Test_User_Profile - test_UserRegistration_001 - Going to Url-->https://automation.credence.in/register
2025-11-26 11:53:55,840 - INFO - Test_User_Profile - test_UserRegistration_001 - Entering the name
2025-11-26 11:53:55,936 - INFO - Test_User_Profile - test_UserRegistration_001 - Entering the Email-->xdxj@outlook.com
2025-11-26 11:53:56,040 - INFO - Test_User_Profile - test_UserRegistration_001 - Entering the password
2025-11-26 11:53:56,121 - INFO - Test_User_Profile - test_UserRegistration_001 - Entering the confirm password
2025-11-26 11:53:58,307 - INFO - Test_User_Profile - test_UserRegistration_001 - Clicking on Register Button
2025-11-26 11:53:58,323 - INFO - Test_User_Profile - test_UserRegistration_001 - test_UserRegistration_001 is pass
2025-11-26 11:53:58,691 - INFO - Test_User_Profile - test_UserRegistration_001 - test_UserRegistration_001 is completed
2025-11-26 11:54:02,869 - INFO - Test_User_Profile - test_UserLogin_002 - test_UserLogin_002 is started
2025-11-26 11:54:02,869 - INFO - Test_User_Profile - test_UserLogin_002 -  Opening Browser
2025-11-26 11:54:05,623 - INFO - Test_User_Profile - test_UserLogin_002 -  Going to login Url-->https://automation.credence.in/login
2025-11-26 11:54:05,736 - INFO - Test_User_Profile - test_UserLogin_002 -  Entering emailRohits01@credence.in
2025-11-26 11:54:05,808 - INFO - Test_User_Profile - test_UserLogin_002 -  Entering passwordRohit123
2025-11-26 11:54:07,991 - INFO - Test_User_Profile - test_UserLogin_002 -  logging Success
2025-11-26 11:54:08,218 - INFO - Test_User_Profile - test_UserLogin_002 - test_UserLogin_002 is completed
2025-11-26 11:58:00,135 - INFO - Test_User_Profile - test_UserRegistration_001 - test_UserRegistration_001 is started
2025-11-26 11:58:00,135 - INFO - Test_User_Profile - test_UserRegistration_001 -  Opening Browser
2025-11-26 11:58:02,759 - INFO - Test_User_Profile - test_UserRegistration_001 - Going to Url-->https://automation.credence.in/register
2025-11-26 11:58:02,850 - INFO - Test_User_Profile - test_UserRegistration_001 - Entering the name
2025-11-26 11:58:03,032 - INFO - Test_User_Profile - test_UserRegistration_001 - Entering the Email-->rfoq@outlook.com
2025-11-26 11:58:03,127 - INFO - Test_User_Profile - test_UserRegistration_001 - Entering the password
2025-11-26 11:58:03,228 - INFO - Test_User_Profile - test_UserRegistration_001 - Entering the confirm password
2025-11-26 11:58:05,663 - INFO - Test_User_Profile - test_UserRegistration_001 - Clicking on Register Button
2025-11-26 11:58:05,679 - INFO - Test_User_Profile - test_UserRegistration_001 - test_UserRegistration_001 is pass
2025-11-26 11:58:05,895 - INFO - Test_User_Profile - test_UserRegistration_001 - test_UserRegistration_001 is completed
2025-11-26 11:58:10,441 - INFO - Test_User_Profile - test_UserLogin_002 - test_UserLogin_002 is started
2025-11-26 11:58:10,441 - INFO - Test_User_Profile - test_UserLogin_002 -  Opening Browser
2025-11-26 11:58:12,999 - INFO - Test_User_Profile - test_UserLogin_002 -  Going to login Url-->https://automation.credence.in/login
2025-11-26 11:58:13,095 - INFO - Test_User_Profile - test_UserLogin_002 -  Entering emailRohits01@credence.in
2025-11-26 11:58:13,183 - INFO - Test_User_Profile - test_UserLogin_002 -  Entering passwordRohit123
2025-11-26 11:58:15,368 - INFO - Test_User_Profile - test_UserLogin_002 -  logging Success
2025-11-26 11:58:15,689 - INFO - Test_User_Profile - test_UserLogin_002 - test_UserLogin_002 is completed
2025-11-26 12:01:28,197 - INFO - Test_User_Profile - test_UserRegistration_001 - test_UserRegistration_001 is started
2025-11-26 12:01:28,197 - INFO - Test_User_Profile - test_UserRegistration_001 -  Opening Browser
2025-11-26 12:01:30,501 - INFO - Test_User_Profile - test_UserRegistration_001 - Going to Url-->https://automation.credence.in/register
2025-11-26 12:01:30,565 - INFO - Test_User_Profile - test_UserRegistration_001 - Entering the name
2025-11-26 12:01:30,677 - INFO - Test_User_Profile - test_UserRegistration_001 - Entering the Email-->yoif@gmail.com
2025-11-26 12:01:30,765 - INFO - Test_User_Profile - test_UserRegistration_001 - Entering the password
2025-11-26 12:01:30,838 - INFO - Test_User_Profile - test_UserRegistration_001 - Entering the confirm password
2025-11-26 12:01:33,449 - INFO - Test_User_Profile - test_UserRegistration_001 - Clicking on Register Button
2025-11-26 12:01:33,457 - INFO - Test_User_Profile - test_UserRegistration_001 - test_UserRegistration_001 is pass
2025-11-26 12:01:33,743 - INFO - Test_User_Profile - test_UserRegistration_001 - test_UserRegistration_001 is completed
2025-11-26 12:01:38,201 - INFO - Test_User_Profile - test_UserLogin_002 - test_UserLogin_002 is started
2025-11-26 12:01:38,201 - INFO - Test_User_Profile - test_UserLogin_002 -  Opening Browser
2025-11-26 12:01:40,023 - INFO - Test_User_Profile - test_UserLogin_002 -  Going to login Url-->https://automation.credence.in/login
2025-11-26 12:01:40,111 - INFO - Test_User_Profile - test_UserLogin_002 -  Entering emailRohits01@credence.in
2025-11-26 12:01:40,199 - INFO - Test_User_Profile - test_UserLogin_002 -  Entering passwordRohit123
2025-11-26 12:01:44,408 - INFO - Test_User_Profile - test_UserLogin_002 -  logging Success
2025-11-26 12:01:44,819 - INFO - Test_User_Profile - test_UserLogin_002 - test_UserLogin_002 is completed
2025-11-26 12:12:47,321 - INFO - Test_User_Profile - test_UserRegistration_001 - test_UserRegistration_001 is started
2025-11-26 12:12:47,321 - INFO - Test_User_Profile - test_UserRegistration_001 -  Opening Browser
2025-11-26 12:12:49,996 - INFO - Test_User_Profile - test_UserRegistration_001 - Going to Url-->https://automation.credence.in/register
2025-11-26 12:12:50,057 - INFO - Test_User_Profile - test_UserRegistration_001 - Entering the name
2025-11-26 12:12:50,154 - INFO - Test_User_Profile - test_UserRegistration_001 - Entering the Email-->uifj@ymail.com
2025-11-26 12:12:50,231 - INFO - Test_User_Profile - test_UserRegistration_001 - Entering the password
2025-11-26 12:12:50,308 - INFO - Test_User_Profile - test_UserRegistration_001 - Entering the confirm password
2025-11-26 12:12:53,129 - INFO - Test_User_Profile - test_UserRegistration_001 - Clicking on Register Button
2025-11-26 12:12:53,146 - INFO - Test_User_Profile - test_UserRegistration_001 - test_UserRegistration_001 is pass
2025-11-26 12:12:53,362 - INFO - Test_User_Profile - test_UserRegistration_001 - test_UserRegistration_001 is completed
2025-11-26 12:12:57,484 - INFO - Test_User_Profile - test_UserLogin_002 - test_UserLogin_002 is started
2025-11-26 12:12:57,485 - INFO - Test_User_Profile - test_UserLogin_002 -  Opening Browser
2025-11-26 12:13:00,041 - INFO - Test_User_Profile - test_UserLogin_002 -  Going to login Url-->https://automation.credence.in/login
2025-11-26 12:13:00,140 - INFO - Test_User_Profile - test_UserLogin_002 -  Entering emailRohits01@credence.in
2025-11-26 12:13:00,224 - INFO - Test_User_Profile - test_UserLogin_002 -  Entering passwordRohit123
2025-11-26 12:13:02,239 - INFO - Test_User_Profile - test_UserLogin_002 -  logging Success
2025-11-26 12:13:02,464 - INFO - Test_User_Profile - test_UserLogin_002 - test_UserLogin_002 is completed
2025-11-26 12:15:55,455 - INFO - Test_User_Profile - test_UserRegistration_001 - test_UserRegistration_001 is started
2025-11-26 12:15:55,456 - INFO - Test_User_Profile - test_UserRegistration_001 -  Opening Browser
2025-11-26 12:15:57,632 - INFO - Test_User_Profile - test_UserRegistration_001 - Going to Url-->https://automation.credence.in/register
2025-11-26 12:15:57,698 - INFO - Test_User_Profile - test_UserRegistration_001 - Entering the name
2025-11-26 12:15:57,807 - INFO - Test_User_Profile - test_UserRegistration_001 - Entering the Email-->hsfi@gmail.com
2025-11-26 12:15:57,881 - INFO - Test_User_Profile - test_UserRegistration_001 - Entering the password
2025-11-26 12:15:57,955 - INFO - Test_User_Profile - test_UserRegistration_001 - Entering the confirm password
2025-11-26 12:16:00,463 - INFO - Test_User_Profile - test_UserRegistration_001 - Clicking on Register Button
2025-11-26 12:16:00,475 - INFO - Test_User_Profile - test_UserRegistration_001 - test_UserRegistration_001 is pass
2025-11-26 12:16:00,712 - INFO - Test_User_Profile - test_UserRegistration_001 - test_UserRegistration_001 is completed
2025-11-26 12:16:04,581 - INFO - Test_User_Profile - test_UserLogin_002 - test_UserLogin_002 is started
2025-11-26 12:16:04,581 - INFO - Test_User_Profile - test_UserLogin_002 -  Opening Browser
2025-11-26 12:16:06,791 - INFO - Test_User_Profile - test_UserLogin_002 -  Going to login Url-->https://automation.credence.in/login
2025-11-26 12:16:06,887 - INFO - Test_User_Profile - test_UserLogin_002 -  Entering emailRohits01@credence.in
2025-11-26 12:16:06,979 - INFO - Test_User_Profile - test_UserLogin_002 -  Entering passwordRohit123
2025-11-26 12:16:09,020 - INFO - Test_User_Profile - test_UserLogin_002 -  logging Success
2025-11-26 12:16:09,281 - INFO - Test_User_Profile - test_UserLogin_002 - test_UserLogin_002 is completed
2025-11-26 12:21:47,665 - INFO - Test_User_Profile - test_UserRegistration_001 - test_UserRegistration_001 is started
2025-11-26 12:21:47,666 - INFO - Test_User_Profile - test_UserRegistration_001 -  Opening Browser
2025-11-26 12:21:50,728 - INFO - Test_User_Profile - test_UserRegistration_001 - Going to Url-->https://automation.credence.in/register
2025-11-26 12:21:50,798 - INFO - Test_User_Profile - test_UserRegistration_001 - Entering the name
2025-11-26 12:21:50,900 - INFO - Test_User_Profile - test_UserRegistration_001 - Entering the Email-->pxkf@gmail.com
2025-11-26 12:21:50,977 - INFO - Test_User_Profile - test_UserRegistration_001 - Entering the password
2025-11-26 12:21:51,050 - INFO - Test_User_Profile - test_UserRegistration_001 - Entering the confirm password
2025-11-26 12:21:53,683 - INFO - Test_User_Profile - test_UserRegistration_001 - Clicking on Register Button
2025-11-26 12:21:53,700 - INFO - Test_User_Profile - test_UserRegistration_001 - test_UserRegistration_001 is pass
2025-11-26 12:21:53,870 - INFO - Test_User_Profile - test_UserRegistration_001 - test_UserRegistration_001 is completed
2025-11-26 12:21:57,945 - INFO - Test_User_Profile - test_UserLogin_002 - test_UserLogin_002 is started
2025-11-26 12:21:57,945 - INFO - Test_User_Profile - test_UserLogin_002 -  Opening Browser
2025-11-26 12:22:00,648 - INFO - Test_User_Profile - test_UserLogin_002 -  Going to login Url-->https://automation.credence.in/login
2025-11-26 12:22:00,756 - INFO - Test_User_Profile - test_UserLogin_002 -  Entering emailRohits01@credence.in
2025-11-26 12:22:00,851 - INFO - Test_User_Profile - test_UserLogin_002 -  Entering passwordRohit123
2025-11-26 12:22:02,869 - INFO - Test_User_Profile - test_UserLogin_002 -  logging Success
2025-11-26 12:22:03,078 - INFO - Test_User_Profile - test_UserLogin_002 - test_UserLogin_002 is completed
2025-11-26 19:16:59,374 - INFO - Test_User_Profile - test_UserRegistration_001 - test_UserRegistration_001 is started
2025-11-26 19:16:59,375 - INFO - Test_User_Profile - test_UserRegistration_001 -  Opening Browser
2025-11-26 19:17:03,412 - INFO - Test_User_Profile - test_UserRegistration_001 - Going to Url-->https://automation.credence.in/register
2025-11-26 19:17:03,523 - INFO - Test_User_Profile - test_UserRegistration_001 - Entering the name
2025-11-26 19:17:03,722 - INFO - Test_User_Profile - test_UserRegistration_001 - Entering the Email-->lrgn@outlook.com
2025-11-26 19:17:03,864 - INFO - Test_User_Profile - test_UserRegistration_001 - Entering the password
2025-11-26 19:17:04,017 - INFO - Test_User_Profile - test_UserRegistration_001 - Entering the confirm password
2025-11-26 19:17:07,163 - INFO - Test_User_Profile - test_UserRegistration_001 - Clicking on Register Button
2025-11-26 19:17:07,180 - INFO - Test_User_Profile - test_UserRegistration_001 - test_UserRegistration_001 is pass
2025-11-26 19:17:07,393 - INFO - Test_User_Profile - test_UserRegistration_001 - test_UserRegistration_001 is completed
2025-11-26 19:17:11,305 - INFO - Test_User_Profile - test_UserLogin_002 - test_UserLogin_002 is started
2025-11-26 19:17:11,305 - INFO - Test_User_Profile - test_UserLogin_002 -  Opening Browser
2025-11-26 19:17:13,663 - INFO - Test_User_Profile - test_UserLogin_002 -  Going to login Url-->https://automation.credence.in/login
2025-11-26 19:17:13,784 - INFO - Test_User_Profile - test_UserLogin_002 -  Entering emailRohits01@credence.in
2025-11-26 19:17:13,854 - INFO - Test_User_Profile - test_UserLogin_002 -  Entering passwordRohit123
2025-11-26 19:17:15,805 - INFO - Test_User_Profile - test_UserLogin_002 -  logging Success
2025-11-26 19:17:16,069 - INFO - Test_User_Profile - test_UserLogin_002 - test_UserLogin_002 is completed
2025-11-28 12:34:29,513 - INFO - Test_User_Profile - test_UserRegistration_001 - test_UserRegistration_001 is started
2025-11-28 12:34:29,513 - INFO - Test_User_Profile - test_UserRegistration_001 -  Opening Browser
2025-11-28 12:34:31,471 - INFO - Test_User_Profile - test_UserRegistration_001 - Going to Url-->https://automation.credence.in/register
2025-11-28 12:34:31,527 - INFO - Test_User_Profile - test_UserRegistration_001 - Entering the name
2025-11-28 12:34:31,621 - INFO - Test_User_Profile - test_UserRegistration_001 - Entering the Email-->qjak@gmail.com
2025-11-28 12:34:31,710 - INFO - Test_User_Profile - test_UserRegistration_001 - Entering the password
2025-11-28 12:34:31,781 - INFO - Test_User_Profile - test_UserRegistration_001 - Entering the confirm password
2025-11-28 12:34:34,611 - INFO - Test_User_Profile - test_UserRegistration_001 - Clicking on Register Button
2025-11-28 12:34:34,627 - INFO - Test_User_Profile - test_UserRegistration_001 - test_UserRegistration_001 is pass
2025-11-28 12:34:34,837 - INFO - Test_User_Profile - test_UserRegistration_001 - test_UserRegistration_001 is completed
2025-11-28 12:34:38,651 - INFO - Test_User_Profile - test_UserLogin_002 - test_UserLogin_002 is started
2025-11-28 12:34:38,651 - INFO - Test_User_Profile - test_UserLogin_002 -  Opening Browser
2025-11-28 12:34:40,828 - INFO - Test_User_Profile - test_UserLogin_002 -  Going to login Url-->https://automation.credence.in/login
2025-11-28 12:34:40,930 - INFO - Test_User_Profile - test_UserLogin_002 -  Entering emailRohits01@credence.in
2025-11-28 12:34:41,018 - INFO - Test_User_Profile - test_UserLogin_002 -  Entering passwordRohit123
2025-11-28 12:34:44,034 - INFO - Test_User_Profile - test_UserLogin_002 -  logging Success
2025-11-28 12:34:44,234 - INFO - Test_User_Profile - test_UserLogin_002 - test_UserLogin_002 is completed
